This file contains any messages produced by compilers while
running configure, to aid debugging if configure makes a mistake.

It was created by configure, which was
generated by GNU Autoconf 2.57.  Invocation command line was

  $ ./configure --target=m68k-elf --disable-nls --disable-debug --no-create --no-recursion

## --------- ##
## Platform. ##
## --------- ##

hostname = dev-box-lnx
uname -m = x86_64
uname -r = 4.2.0-36-generic
uname -s = Linux
uname -v = #42-Ubuntu SMP Thu May 12 22:05:35 UTC 2016

/usr/bin/uname -p = unknown
/bin/uname -X     = unknown

/bin/arch              = unknown
/usr/bin/arch -k       = unknown
/usr/convex/getsysinfo = unknown
hostinfo               = unknown
/bin/machine           = unknown
/usr/bin/oslevel       = unknown
/bin/universe          = unknown

PATH: /opt/java/64/jdk1.7.0_67/bin
PATH: /home/darkspr1te/Desktop/Android/cm11/out/host/linux-x86/bin
PATH: /home/darkspr1te/Desktop/Android/cm11/prebuilts/gcc/linux-x86/arm/arm-linux-androideabi-4.7/bin
PATH: /home/darkspr1te/Desktop/Android/cm11/prebuilts/gcc/linux-x86/arm/arm-eabi-4.7/bin
PATH: /home/darkspr1te/Desktop/Android/cm11/prebuilts/gcc/linux-x86/mips/mipsel-linux-android-4.7/bin
PATH: /home/darkspr1te/Desktop/Android/cm11/development/emulator/qtools
PATH: /home/darkspr1te/Desktop/Android/cm11/prebuilts/gcc/linux-x86/arm/arm-linux-androideabi-4.7/bin
PATH: /home/darkspr1te/Desktop/Android/cm11/prebuilts/gcc/linux-x86/arm/arm-eabi-4.7/bin
PATH: /home/darkspr1te/Desktop/Android/cm11/development/scripts
PATH: /home/darkspr1te/Desktop/Android/cm11/prebuilts/devtools/tools
PATH: /home/darkspr1te/bin
PATH: /usr/local/sbin
PATH: /usr/local/bin
PATH: /usr/sbin
PATH: /usr/bin
PATH: /sbin
PATH: /bin
PATH: /usr/games
PATH: /usr/local/games
PATH: /home/darkspr1te/bin
PATH: .
PATH: /home/darkspr1te/Desktop/jtag/samsung-sc344b0x/source/linux-dev/2008-test/uClinux-dist/tools


## ----------- ##
## Core tests. ##
## ----------- ##

configure:1312: checking build system type
configure:1321: error: cannot guess build type; you must specify one

## ---------------- ##
## Cache variables. ##
## ---------------- ##

ac_cv_build_alias=
ac_cv_env_CC_set=set
ac_cv_env_CC_value='/home/darkspr1te/Desktop/jtag/toolchains/arm-elf-2004/usr/local/bin/arm-elf-gcc '
ac_cv_env_CFLAGS_set=set
ac_cv_env_CFLAGS_value='-O2 -g -fomit-frame-pointer   -Dlinux -D__linux__ -Dunix -D__uClinux__ -DEMBED -I/home/darkspr1te/Desktop/jtag/samsung-sc344b0x/source/linux-dev/2008-test/uClinux-dist/lib//include -I/home/darkspr1te/Desktop/jtag/samsung-sc344b0x/source/linux-dev/2008-test/uClinux-dist/lib/libm -I/home/darkspr1te/Desktop/jtag/samsung-sc344b0x/source/linux-dev/2008-test/uClinux-dist/lib/libcrypt_old -I/home/darkspr1te/Desktop/jtag/samsung-sc344b0x/source/linux-dev/2008-test/uClinux-dist -fno-builtin -nostartfiles -I/home/darkspr1te/Desktop/jtag/samsung-sc344b0x/source/linux-dev/2008-test/uClinux-dist//include -O'
ac_cv_env_CPPFLAGS_set=
ac_cv_env_CPPFLAGS_value=
ac_cv_env_CPP_set=
ac_cv_env_CPP_value=
ac_cv_env_LDFLAGS_set=set
ac_cv_env_LDFLAGS_value='-O2 -g -fomit-frame-pointer   -Dlinux -D__linux__ -Dunix -D__uClinux__ -DEMBED -I/home/darkspr1te/Desktop/jtag/samsung-sc344b0x/source/linux-dev/2008-test/uClinux-dist/lib//include -I/home/darkspr1te/Desktop/jtag/samsung-sc344b0x/source/linux-dev/2008-test/uClinux-dist/lib/libm -I/home/darkspr1te/Desktop/jtag/samsung-sc344b0x/source/linux-dev/2008-test/uClinux-dist/lib/libcrypt_old -I/home/darkspr1te/Desktop/jtag/samsung-sc344b0x/source/linux-dev/2008-test/uClinux-dist -fno-builtin -nostartfiles -I/home/darkspr1te/Desktop/jtag/samsung-sc344b0x/source/linux-dev/2008-test/uClinux-dist//include -Wl,-elf2flt /home/darkspr1te/Desktop/jtag/samsung-sc344b0x/source/linux-dev/2008-test/uClinux-dist/lib//lib/crt0.o /home/darkspr1te/Desktop/jtag/samsung-sc344b0x/source/linux-dev/2008-test/uClinux-dist/lib//lib/crti.o /home/darkspr1te/Desktop/jtag/samsung-sc344b0x/source/linux-dev/2008-test/uClinux-dist/lib//lib/crtn.o -L/home/darkspr1te/Desktop/jtag/samsung-sc344b0x/source/linux-dev/2008-test/uClinux-dist/lib//. -L/home/darkspr1te/Desktop/jtag/samsung-sc344b0x/source/linux-dev/2008-test/uClinux-dist/lib//lib -L/home/darkspr1te/Desktop/jtag/samsung-sc344b0x/source/linux-dev/2008-test/uClinux-dist/lib/libm -L/home/darkspr1te/Desktop/jtag/samsung-sc344b0x/source/linux-dev/2008-test/uClinux-dist/lib/libnet -L/home/darkspr1te/Desktop/jtag/samsung-sc344b0x/source/linux-dev/2008-test/uClinux-dist/lib/libdes -L/home/darkspr1te/Desktop/jtag/samsung-sc344b0x/source/linux-dev/2008-test/uClinux-dist/lib/libaes -L/home/darkspr1te/Desktop/jtag/samsung-sc344b0x/source/linux-dev/2008-test/uClinux-dist/lib/libpcap -L/home/darkspr1te/Desktop/jtag/samsung-sc344b0x/source/linux-dev/2008-test/uClinux-dist/lib/libcrypt_old -L/home/darkspr1te/Desktop/jtag/samsung-sc344b0x/source/linux-dev/2008-test/uClinux-dist/lib/libssl -L/home/darkspr1te/Desktop/jtag/samsung-sc344b0x/source/linux-dev/2008-test/uClinux-dist/lib/zlib '
ac_cv_env_build_alias_set=
ac_cv_env_build_alias_value=
ac_cv_env_host_alias_set=
ac_cv_env_host_alias_value=
ac_cv_env_target_alias_set=set
ac_cv_env_target_alias_value=m68k-elf

## ----------------- ##
## Output variables. ##
## ----------------- ##

ALLOCA=''
ANSI2KNR=''
CATALOGS=''
CATOBJEXT=''
CC='/home/darkspr1te/Desktop/jtag/toolchains/arm-elf-2004/usr/local/bin/arm-elf-gcc '
CFLAGS='-O2 -g -fomit-frame-pointer   -Dlinux -D__linux__ -Dunix -D__uClinux__ -DEMBED -I/home/darkspr1te/Desktop/jtag/samsung-sc344b0x/source/linux-dev/2008-test/uClinux-dist/lib//include -I/home/darkspr1te/Desktop/jtag/samsung-sc344b0x/source/linux-dev/2008-test/uClinux-dist/lib/libm -I/home/darkspr1te/Desktop/jtag/samsung-sc344b0x/source/linux-dev/2008-test/uClinux-dist/lib/libcrypt_old -I/home/darkspr1te/Desktop/jtag/samsung-sc344b0x/source/linux-dev/2008-test/uClinux-dist -fno-builtin -nostartfiles -I/home/darkspr1te/Desktop/jtag/samsung-sc344b0x/source/linux-dev/2008-test/uClinux-dist//include -O'
CPP=''
CPPFLAGS=''
DATADIRNAME=''
DEFS=''
ECHO_C=''
ECHO_N='-n'
ECHO_T=''
EGREP=''
EXEEXT=''
GMOFILES=''
GMSGFMT=''
HAVE_NLS=''
INSTALL_DATA=''
INSTALL_PROGRAM=''
INSTALL_SCRIPT=''
INSTOBJEXT=''
INTLLIBS=''
LDFLAGS='-O2 -g -fomit-frame-pointer   -Dlinux -D__linux__ -Dunix -D__uClinux__ -DEMBED -I/home/darkspr1te/Desktop/jtag/samsung-sc344b0x/source/linux-dev/2008-test/uClinux-dist/lib//include -I/home/darkspr1te/Desktop/jtag/samsung-sc344b0x/source/linux-dev/2008-test/uClinux-dist/lib/libm -I/home/darkspr1te/Desktop/jtag/samsung-sc344b0x/source/linux-dev/2008-test/uClinux-dist/lib/libcrypt_old -I/home/darkspr1te/Desktop/jtag/samsung-sc344b0x/source/linux-dev/2008-test/uClinux-dist -fno-builtin -nostartfiles -I/home/darkspr1te/Desktop/jtag/samsung-sc344b0x/source/linux-dev/2008-test/uClinux-dist//include -Wl,-elf2flt /home/darkspr1te/Desktop/jtag/samsung-sc344b0x/source/linux-dev/2008-test/uClinux-dist/lib//lib/crt0.o /home/darkspr1te/Desktop/jtag/samsung-sc344b0x/source/linux-dev/2008-test/uClinux-dist/lib//lib/crti.o /home/darkspr1te/Desktop/jtag/samsung-sc344b0x/source/linux-dev/2008-test/uClinux-dist/lib//lib/crtn.o -L/home/darkspr1te/Desktop/jtag/samsung-sc344b0x/source/linux-dev/2008-test/uClinux-dist/lib//. -L/home/darkspr1te/Desktop/jtag/samsung-sc344b0x/source/linux-dev/2008-test/uClinux-dist/lib//lib -L/home/darkspr1te/Desktop/jtag/samsung-sc344b0x/source/linux-dev/2008-test/uClinux-dist/lib/libm -L/home/darkspr1te/Desktop/jtag/samsung-sc344b0x/source/linux-dev/2008-test/uClinux-dist/lib/libnet -L/home/darkspr1te/Desktop/jtag/samsung-sc344b0x/source/linux-dev/2008-test/uClinux-dist/lib/libdes -L/home/darkspr1te/Desktop/jtag/samsung-sc344b0x/source/linux-dev/2008-test/uClinux-dist/lib/libaes -L/home/darkspr1te/Desktop/jtag/samsung-sc344b0x/source/linux-dev/2008-test/uClinux-dist/lib/libpcap -L/home/darkspr1te/Desktop/jtag/samsung-sc344b0x/source/linux-dev/2008-test/uClinux-dist/lib/libcrypt_old -L/home/darkspr1te/Desktop/jtag/samsung-sc344b0x/source/linux-dev/2008-test/uClinux-dist/lib/libssl -L/home/darkspr1te/Desktop/jtag/samsung-sc344b0x/source/linux-dev/2008-test/uClinux-dist/lib/zlib '
LIBOBJS=''
LIBS=''
LTLIBOBJS=''
MAKEINFO=''
MD5_OBJ=''
MSGFMT=''
OBJEXT=''
OPIE_OBJ=''
PACKAGE='wget'
PACKAGE_BUGREPORT=''
PACKAGE_NAME=''
PACKAGE_STRING=''
PACKAGE_TARNAME=''
PACKAGE_VERSION=''
PATH_SEPARATOR=':'
POFILES=''
SET_MAKE=''
SHELL='/bin/bash'
U=''
USE_NLS=''
VERSION='1.6'
XGETTEXT=''
ac_ct_CC=''
bindir='${exec_prefix}/bin'
build=''
build_alias=''
build_cpu=''
build_os=''
build_vendor=''
datadir='${prefix}/share'
exec_prefix='NONE'
exeext=''
host=''
host_alias=''
host_cpu=''
host_os=''
host_vendor=''
includedir='${prefix}/include'
infodir='${prefix}/info'
libdir='${exec_prefix}/lib'
libexecdir='${exec_prefix}/libexec'
localstatedir='${prefix}/var'
mandir='${prefix}/man'
oldincludedir='/usr/include'
prefix='NONE'
program_transform_name='s,x,x,'
sbindir='${exec_prefix}/sbin'
sharedstatedir='${prefix}/com'
sysconfdir='${prefix}/etc'
target_alias='m68k-elf'

## ----------- ##
## confdefs.h. ##
## ----------- ##

#define PACKAGE_BUGREPORT ""
#define PACKAGE_NAME ""
#define PACKAGE_STRING ""
#define PACKAGE_TARNAME ""
#define PACKAGE_VERSION ""

configure: exit 1
